0 info it worked if it ends with ok
1 verbose cli [ '/Users/jlangley/.nvm/versions/node/v5.5.0/bin/node',
1 verbose cli   '/Users/jlangley/.nvm/versions/node/v5.5.0/bin/npm',
1 verbose cli   'publish' ]
2 info using npm@3.3.12
3 info using node@v5.5.0
4 verbose publish [ '.' ]
5 silly cache add args [ '.', null ]
6 verbose cache add spec .
7 silly cache add parsed spec Result {
7 silly cache add   raw: '.',
7 silly cache add   scope: null,
7 silly cache add   name: null,
7 silly cache add   rawSpec: '.',
7 silly cache add   spec: '/Users/jlangley/workspaces/marine-transport/forks/edifact-lib',
7 silly cache add   type: 'directory' }
8 verbose addLocalDirectory /Users/jlangley/.npm/edifact-lib/0.0.1/package.tgz not in flight; packing
9 info lifecycle edifact-lib@0.0.1~prepublish: edifact-lib@0.0.1
10 silly lifecycle edifact-lib@0.0.1~prepublish: no script for prepublish, continuing
11 verbose tar pack [ '/Users/jlangley/.npm/edifact-lib/0.0.1/package.tgz',
11 verbose tar pack   '/Users/jlangley/workspaces/marine-transport/forks/edifact-lib' ]
12 verbose tarball /Users/jlangley/.npm/edifact-lib/0.0.1/package.tgz
13 verbose folder /Users/jlangley/workspaces/marine-transport/forks/edifact-lib
14 verbose addLocalTarball adding from inside cache /Users/jlangley/.npm/edifact-lib/0.0.1/package.tgz
15 silly cache afterAdd edifact-lib@0.0.1
16 verbose afterAdd /Users/jlangley/.npm/edifact-lib/0.0.1/package/package.json not in flight; writing
17 verbose afterAdd /Users/jlangley/.npm/edifact-lib/0.0.1/package/package.json written
18 silly publish { name: 'edifact-lib',
18 silly publish   version: '0.0.1',
18 silly publish   description: 'EDIFACT Helper to convert EDIFACT to and from JSON',
18 silly publish   scripts: { test: 'NODE_ENV=test mocha -R spec' },
18 silly publish   author: { name: 'Jono', email: 'jono-tt@users.noreply.github.com' },
18 silly publish   license: 'BSD',
18 silly publish   bin: { 'edifact-json-to-edi': 'bin/json-to-edi.js' },
18 silly publish   engines: { node: '>=5.5.0' },
18 silly publish   dependencies:
18 silly publish    { argparse: '^1.0.2',
18 silly publish      jsonschema: '1.1.0',
18 silly publish      lodash: 'latest',
18 silly publish      q: '1.4.1' },
18 silly publish   devDependencies:
18 silly publish    { 'babel-preset-es2015': '^6.6.0',
18 silly publish      gulp: '^3.9.1',
18 silly publish      'gulp-babel': '^6.1.2',
18 silly publish      'gulp-clean': '^0.3.2',
18 silly publish      'gulp-eslint': '^2.0.0',
18 silly publish      'gulp-mocha': '^2.2.0',
18 silly publish      'gulp-plumber': '^1.1.0',
18 silly publish      'gulp-uglify': '^1.5.3',
18 silly publish      'gulp-util': '^3.0.7',
18 silly publish      mocha: '*' },
18 silly publish   readme: '# EDIFACT - LIB\n\nAn EDIFACT library used to validate and convert EDIFACT message formats to and from JSON.\nUsing **[JSON Schemas](http://json-schema.org/)** you can specify the format of a particular\nEDIFact message which then allows the message to be marshaled in and out of the EDIFact format.\n\n### CLI\nYou can use the CLI tool to convert between formats. First install the library globally to get access\nto the command **edifact-json-to-edi**. You will then be able to run the command:\n\n```\n# edifact-json-to-edi -h\n\nusage: edifact-json-to-edi [-h] [-v] [-i IN] [-o OUT] -s SCHEMA\n\nOptional arguments:\n  -h, --help            Show this help message and exit.\n  -v, --version         Show program\'s version number and exit.\n  -i IN, --in IN        Input file. To use STDIN then use "-". Defaults to "-"\n  -o OUT, --out OUT     File to write out to, utf-8 encoded without BOM. To \n                        use STDOUT then use "-". Defaults to "-"\n  -s SCHEMA, --schema SCHEMA\n                        Schema file or type to use. Types (vermas contrl)\n```\n\nExample:\n\n```\n# Using files\nedifact-json-to-edi -s schemas/contrl.json.schema -i eg/contrl-message.json -o eg/contrl-message.edi\n\n# Using streams\ncat eg/contrl-message.json | edifact-json-to-edi -s schemas/contrl.json.schema > eg/contrl-message.edi\n\n```\n',
18 silly publish   readmeFilename: 'README.md',
18 silly publish   gitHead: '367b6c7ca2b2981edacc0f619a32e6384a21ce3e',
18 silly publish   _id: 'edifact-lib@0.0.1',
18 silly publish   _shasum: '87e4a99b25d4f61b04dcdc8ee53693b904809a19',
18 silly publish   _from: '.' }
19 verbose getPublishConfig undefined
20 silly mapToRegistry name edifact-lib
21 silly mapToRegistry using default registry
22 silly mapToRegistry registry https://registry.npmjs.org/
23 silly mapToRegistry uri https://registry.npmjs.org/edifact-lib
24 verbose publish registryBase https://registry.npmjs.org/
25 silly publish uploading /Users/jlangley/.npm/edifact-lib/0.0.1/package.tgz
26 verbose request uri https://registry.npmjs.org/edifact-lib
27 verbose request sending authorization for write operation
28 info attempt registry request try #1 at 10:42:02 AM
29 verbose request using bearer token for auth
30 verbose request id 2074645f297de434
31 http request PUT https://registry.npmjs.org/edifact-lib
32 http 403 https://registry.npmjs.org/edifact-lib
33 verbose headers { 'content-type': 'application/json',
33 verbose headers   'cache-control': 'max-age=300',
33 verbose headers   'content-length': '128',
33 verbose headers   'accept-ranges': 'bytes',
33 verbose headers   date: 'Fri, 10 Jun 2016 09:42:07 GMT',
33 verbose headers   via: '1.1 varnish',
33 verbose headers   connection: 'keep-alive',
33 verbose headers   'x-served-by': 'cache-lhr6339-LHR',
33 verbose headers   'x-cache': 'MISS',
33 verbose headers   'x-cache-hits': '0',
33 verbose headers   'x-timer': 'S1465551723.738464,VS0,VE3344',
33 verbose headers   vary: 'Accept-Encoding' }
34 verbose request invalidating /Users/jlangley/.npm/registry.npmjs.org/edifact-lib on PUT
35 error publish Failed PUT 403
36 verbose stack Error: "You cannot publish over the previously published version 0.0.1. Try bumping the version to 1.0.0" : edifact-lib
36 verbose stack     at makeError (/Users/jlangley/.nvm/versions/node/v5.5.0/lib/node_modules/npm/node_modules/npm-registry-client/lib/request.js:264:12)
36 verbose stack     at CachingRegistryClient.<anonymous> (/Users/jlangley/.nvm/versions/node/v5.5.0/lib/node_modules/npm/node_modules/npm-registry-client/lib/request.js:252:14)
36 verbose stack     at Request._callback (/Users/jlangley/.nvm/versions/node/v5.5.0/lib/node_modules/npm/node_modules/npm-registry-client/lib/request.js:172:14)
36 verbose stack     at Request.self.callback (/Users/jlangley/.nvm/versions/node/v5.5.0/lib/node_modules/npm/node_modules/request/request.js:198:22)
36 verbose stack     at emitTwo (events.js:100:13)
36 verbose stack     at Request.emit (events.js:185:7)
36 verbose stack     at Request.<anonymous> (/Users/jlangley/.nvm/versions/node/v5.5.0/lib/node_modules/npm/node_modules/request/request.js:1082:10)
36 verbose stack     at emitOne (events.js:95:20)
36 verbose stack     at Request.emit (events.js:182:7)
36 verbose stack     at IncomingMessage.<anonymous> (/Users/jlangley/.nvm/versions/node/v5.5.0/lib/node_modules/npm/node_modules/request/request.js:1009:12)
37 verbose statusCode 403
38 verbose pkgid edifact-lib
39 verbose cwd /Users/jlangley/workspaces/marine-transport/forks/edifact-lib
40 error Darwin 14.5.0
41 error argv "/Users/jlangley/.nvm/versions/node/v5.5.0/bin/node" "/Users/jlangley/.nvm/versions/node/v5.5.0/bin/npm" "publish"
42 error node v5.5.0
43 error npm  v3.3.12
44 error code E403
45 error "You cannot publish over the previously published version 0.0.1. Try bumping the version to 1.0.0" : edifact-lib
46 error If you need help, you may report this error at:
46 error     <https://github.com/npm/npm/issues>
47 verbose exit [ 1, true ]
